2025-05-29 21:34:47,174 - INFO -    -  ũ: (537, 15000)
2025-05-29 21:34:47,182 - INFO -    - Ư : 15,000
2025-05-29 21:34:47,182 - INFO -    - Ҽ: 86.51%
2025-05-29 21:34:47,182 - INFO -    - ҿ ð: 4.91
2025-05-29 21:34:47,472 - INFO - 
==================================================
2025-05-29 21:34:47,472 - INFO - ==================================================
2025-05-29 21:34:47,472 - INFO -  ǰ : 537
2025-05-29 21:34:47,472 - INFO -   : 552
2025-05-29 21:34:47,472 - INFO -  ǰ  : 1.0
2025-05-29 21:34:47,472 - INFO -   : 24234
2025-05-29 21:34:47,472 - INFO -   : 101,974
2025-05-29 21:34:47,475 - INFO -    21st Century, Į ׳׽ ƿ + D3, 90: 2
2025-05-29 21:34:47,475 - INFO -    California Gold Nutrition, ׳׽ ųƮ, Į , 90: 2
2025-05-29 21:34:47,475 - INFO -    California Gold Nutrition, 鿪 ü +, ŸA, C, D, ƿ,  ,  ĸ 180: 2
2025-05-29 21:34:47,475 - INFO -    California Gold Nutrition, 鿪 ü +, ŸA, C, D, ƿ,  ,  ĸ 60: 2
2025-05-29 21:34:47,475 - INFO -    California Gold Nutrition, ŸC , 250mg, 100% Ÿīƾ  ŸA , Ĺ  90: 2
2025-05-29 21:34:47,475 - INFO - ==================================================
2025-05-29 21:36:34,438 - INFO -    -  ũ: (537, 15000)
2025-05-29 21:36:34,446 - INFO -    - Ư : 15,000
2025-05-29 21:36:34,446 - INFO -    - Ҽ: 86.51%
2025-05-29 21:36:34,446 - INFO -    - ҿ ð: 5.04
2025-05-29 21:36:34,735 - INFO - 
==================================================
2025-05-29 21:36:34,735 - INFO - ==================================================
2025-05-29 21:36:34,735 - INFO -  ǰ : 537
2025-05-29 21:36:34,735 - INFO -   : 552
2025-05-29 21:36:34,735 - INFO -  ǰ  : 1.0
2025-05-29 21:36:34,736 - INFO -   : 24234
2025-05-29 21:36:34,736 - INFO -   : 101,974
2025-05-29 21:36:34,739 - INFO -    21st Century, Į ׳׽ ƿ + D3, 90: 2
2025-05-29 21:36:34,739 - INFO -    California Gold Nutrition, ׳׽ ųƮ, Į , 90: 2
2025-05-29 21:36:34,739 - INFO -    California Gold Nutrition, 鿪 ü +, ŸA, C, D, ƿ,  ,  ĸ 180: 2
2025-05-29 21:36:34,739 - INFO -    California Gold Nutrition, 鿪 ü +, ŸA, C, D, ƿ,  ,  ĸ 60: 2
2025-05-29 21:36:34,739 - INFO -    California Gold Nutrition, ŸC , 250mg, 100% Ÿīƾ  ŸA , Ĺ  90: 2
2025-05-29 21:36:34,739 - INFO - ==================================================
2025-05-29 21:40:10,438 - INFO -    -  ũ: (537, 15000)
2025-05-29 21:40:10,445 - INFO -    - Ư : 15,000
2025-05-29 21:40:10,445 - INFO -    - Ҽ: 86.51%
2025-05-29 21:40:10,445 - INFO -    - ҿ ð: 5.33
2025-05-29 21:40:10,752 - INFO - 
==================================================
2025-05-29 21:40:10,752 - INFO - ==================================================
2025-05-29 21:40:10,752 - INFO -  ǰ : 537
2025-05-29 21:40:10,752 - INFO -   : 552
2025-05-29 21:40:10,752 - INFO -  ǰ  : 1.0
2025-05-29 21:40:10,753 - INFO -   : 24234
2025-05-29 21:40:10,753 - INFO -   : 101,974
2025-05-29 21:40:10,754 - INFO -    21st Century, Į ׳׽ ƿ + D3, 90: 2
2025-05-29 21:40:10,755 - INFO -    California Gold Nutrition, ׳׽ ųƮ, Į , 90: 2
2025-05-29 21:40:10,755 - INFO -    California Gold Nutrition, 鿪 ü +, ŸA, C, D, ƿ,  ,  ĸ 180: 2
2025-05-29 21:40:10,755 - INFO -    California Gold Nutrition, 鿪 ü +, ŸA, C, D, ƿ,  ,  ĸ 60: 2
2025-05-29 21:40:10,755 - INFO -    California Gold Nutrition, ŸC , 250mg, 100% Ÿīƾ  ŸA , Ĺ  90: 2
2025-05-29 21:40:10,757 - INFO - ==================================================
2025-05-29 21:41:02,021 - INFO -    -  ũ: (537, 15000)
2025-05-29 21:41:02,030 - INFO -    - Ư : 15,000
2025-05-29 21:41:02,030 - INFO -    - Ҽ: 86.51%
2025-05-29 21:41:02,030 - INFO -    - ҿ ð: 5.57
2025-05-29 21:41:02,333 - INFO - 
==================================================
2025-05-29 21:41:02,333 - INFO - ==================================================
2025-05-29 21:41:02,333 - INFO -  ǰ : 537
2025-05-29 21:41:02,333 - INFO -   : 552
2025-05-29 21:41:02,333 - INFO -  ǰ  : 1.0
2025-05-29 21:41:02,333 - INFO -   : 24234
2025-05-29 21:41:02,334 - INFO -   : 101,974
2025-05-29 21:41:02,336 - INFO -    21st Century, Į ׳׽ ƿ + D3, 90: 2
2025-05-29 21:41:02,336 - INFO -    California Gold Nutrition, ׳׽ ųƮ, Į , 90: 2
2025-05-29 21:41:02,336 - INFO -    California Gold Nutrition, 鿪 ü +, ŸA, C, D, ƿ,  ,  ĸ 180: 2
2025-05-29 21:41:02,336 - INFO -    California Gold Nutrition, 鿪 ü +, ŸA, C, D, ƿ,  ,  ĸ 60: 2
2025-05-29 21:41:02,336 - INFO -    California Gold Nutrition, ŸC , 250mg, 100% Ÿīƾ  ŸA , Ĺ  90: 2
2025-05-29 21:41:02,336 - INFO - ==================================================
2025-05-29 21:42:15,823 - INFO - 📂 데이터 로드 중: ./cleaned_data/cleaned_supplements.csv
2025-05-29 21:42:16,176 - INFO - ✅ 데이터 로드 완료: 552개 행
2025-05-29 21:42:16,176 - INFO - 🧹 데이터 정제 중...
2025-05-29 21:42:16,286 - INFO - ✅ 정제 완료: 0개 행 제거, 552개 행 유지
2025-05-29 21:42:16,286 - INFO - 📊 제품별 리뷰 그룹화 중...
2025-05-29 21:42:16,311 - INFO - ✅ 그룹화 완료: 537개 제품, 0.03초 소요
2025-05-29 21:42:16,311 - INFO - 🔢 TF-IDF 벡터화 중...
2025-05-29 21:42:21,582 - INFO - ✅ TF-IDF 완료:
2025-05-29 21:42:21,582 - INFO -    - 행렬 크기: (537, 15000)
2025-05-29 21:42:21,589 - INFO -    - 특성 수: 15,000
2025-05-29 21:42:21,590 - INFO -    - 희소성: 86.51%
2025-05-29 21:42:21,590 - INFO -    - 소요 시간: 5.27초
2025-05-29 21:42:21,590 - INFO - 💾 결과 저장 중...
2025-05-29 21:42:21,613 - INFO - ✅ TF-IDF 모델 저장 완료
2025-05-29 21:42:21,657 - INFO - ✅ TF-IDF 행렬 저장 완료
2025-05-29 21:42:21,871 - INFO - ✅ 제품 정보 저장 완료
2025-05-29 21:42:21,887 - INFO - ✅ 특성 목록 저장 완료
2025-05-29 21:42:21,888 - INFO - ✅ 메타데이터 저장 완료
2025-05-29 21:42:21,888 - INFO - 
==================================================
2025-05-29 21:42:21,888 - INFO - 📊 처리 결과 요약
2025-05-29 21:42:21,888 - INFO - ==================================================
2025-05-29 21:42:21,888 - INFO - 총 제품 수: 537
2025-05-29 21:42:21,888 - INFO - 총 리뷰 수: 552
2025-05-29 21:42:21,889 - INFO - 평균 제품당 리뷰 수: 1.0
2025-05-29 21:42:21,889 - INFO - 평균 리뷰 길이: 24234자
2025-05-29 21:42:21,889 - INFO - 최장 리뷰 길이: 101,974자
2025-05-29 21:42:21,890 - INFO - 
🏆 리뷰 수 상위 5개 제품:
2025-05-29 21:42:21,890 - INFO -    21st Century, 칼슘 마그네슘 아연 + D3, 90정: 2개
2025-05-29 21:42:21,890 - INFO -    California Gold Nutrition, 마그네슘 킬레이트, 칼슘 함유, 90정: 2개
2025-05-29 21:42:21,890 - INFO -    California Gold Nutrition, 면역 복합체 +, 비타민A, C, D, 아연, 셀레늄 함유, 베지 캡슐 180정: 2개
2025-05-29 21:42:21,891 - INFO -    California Gold Nutrition, 면역 복합체 +, 비타민A, C, D, 아연, 셀레늄 함유, 베지 캡슐 60정: 2개
2025-05-29 21:42:21,891 - INFO -    California Gold Nutrition, 비타민C 구미젤리, 250mg, 100% 베타카로틴에서 추출한 비타민A 함유, 식물성 구미젤리 90개: 2개
2025-05-29 21:42:21,891 - INFO - ==================================================
2025-05-29 21:42:21,891 - INFO - 
🎉 전체 처리 완료! 총 소요시간: 6.07초
2025-05-29 22:32:27,927 - INFO - 데이터 로드 중: ./cleaned_data/cleaned_supplements.csv
2025-05-29 22:32:28,275 - INFO - 데이터 로드 완료: 552개 행
2025-05-29 22:32:28,275 - INFO - 데이터 정제 중...
2025-05-29 22:32:28,381 - INFO - 정제 완료: 0개 행 제거, 552개 행 유지
2025-05-29 22:32:28,382 - INFO - 제품별 리뷰 그룹화 중...
2025-05-29 22:32:28,407 - INFO - 그룹화 완료: 537개 제품, 0.03초 소요
2025-05-29 22:32:28,407 - INFO - TF-IDF 벡터화 중...
2025-05-29 22:32:33,584 - INFO - TF-IDF 완료:
2025-05-29 22:32:33,584 - INFO -    - 행렬 크기: (537, 15000)
2025-05-29 22:32:33,592 - INFO -    - 특성 수: 15,000
2025-05-29 22:32:33,592 - INFO -    - 희소성: 86.51%
2025-05-29 22:32:33,592 - INFO -    - 소요 시간: 5.18초
2025-05-29 22:39:40,332 - INFO - 데이터 로드 중: ./cleaned_data/cleaned_supplements.csv
2025-05-29 22:39:40,686 - INFO - 데이터 로드 완료: 552개 행
2025-05-29 22:39:40,686 - INFO - 데이터 정제 중...
2025-05-29 22:39:40,794 - INFO - 정제 완료: 0개 행 제거, 552개 행 유지
2025-05-29 22:39:40,794 - INFO - 제품별 리뷰 그룹화 중...
2025-05-29 22:39:40,820 - INFO - 그룹화 완료: 537개 제품, 0.03초 소요
2025-05-29 22:39:40,820 - INFO - TF-IDF 벡터화 중...
2025-05-29 22:39:46,081 - INFO - TF-IDF 완료:
2025-05-29 22:39:46,081 - INFO -    - 행렬 크기: (537, 15000)
2025-05-29 22:39:46,088 - INFO -    - 특성 수: 15,000
2025-05-29 22:39:46,088 - INFO -    - 희소성: 86.51%
2025-05-29 22:39:46,088 - INFO -    - 소요 시간: 5.26초
2025-05-29 22:39:46,088 - INFO - 결과 저장 중...
2025-05-29 22:39:46,110 - INFO - TF-IDF 모델 저장 완료
2025-05-29 22:39:46,153 - INFO - TF-IDF 행렬 저장 완료
2025-05-29 22:39:46,371 - INFO - 제품 정보 저장 완료
2025-05-29 22:39:46,390 - INFO - 특성 목록 저장 완료
2025-05-29 22:39:46,392 - INFO - 메타데이터 저장 완료
2025-05-29 22:39:46,392 - INFO - 
==================================================
2025-05-29 22:39:46,392 - INFO - 처리 결과 요약
2025-05-29 22:39:46,392 - INFO - ==================================================
2025-05-29 22:39:46,392 - INFO - 총 제품 수: 537
2025-05-29 22:39:46,392 - INFO - 총 리뷰 수: 552
2025-05-29 22:39:46,392 - INFO - 평균 제품당 리뷰 수: 1.0
2025-05-29 22:39:46,392 - INFO - 평균 리뷰 길이: 24236자
2025-05-29 22:39:46,392 - INFO - 최장 리뷰 길이: 101,974자
2025-05-29 22:39:46,394 - INFO - 
리뷰 수 상위 5개 제품:
2025-05-29 22:39:46,394 - INFO -    21st Century, 칼슘 마그네슘 아연 + D3, 90정: 2개
2025-05-29 22:39:46,394 - INFO -    California Gold Nutrition, 마그네슘 킬레이트, 칼슘 함유, 90정: 2개
2025-05-29 22:39:46,394 - INFO -    California Gold Nutrition, 면역 복합체 +, 비타민A, C, D, 아연, 셀레늄 함유, 베지 캡슐 180정: 2개
2025-05-29 22:39:46,394 - INFO -    California Gold Nutrition, 면역 복합체 +, 비타민A, C, D, 아연, 셀레늄 함유, 베지 캡슐 60정: 2개
2025-05-29 22:39:46,394 - INFO -    California Gold Nutrition, 비타민C 구미젤리, 250mg, 100% 베타카로틴에서 추출한 비타민A 함유, 식물성 구미젤리 90개: 2개
2025-05-29 22:39:46,394 - INFO - ==================================================
2025-05-29 22:39:46,394 - INFO - 
전체 처리 완료! 총 소요시간: 6.06초
2025-05-29 22:58:57,080 - INFO - 데이터 로드 중: ./cleaned_data/cleaned_supplements.csv
2025-05-29 22:58:57,420 - INFO - 데이터 로드 완료: 552개 행
2025-05-29 22:58:57,421 - INFO - 데이터 정제 중...
2025-05-29 22:58:57,526 - INFO - 정제 완료: 0개 행 제거, 552개 행 유지
2025-05-29 22:58:57,526 - INFO - 제품별 리뷰 그룹화 중...
2025-05-29 22:58:57,549 - INFO - 그룹화 완료: 537개 제품, 0.02초 소요
2025-05-29 22:58:57,549 - INFO - TF-IDF 벡터화 중...
2025-05-29 22:59:02,171 - INFO - TF-IDF 완료:
2025-05-29 22:59:02,172 - INFO -    - 행렬 크기: (537, 20000)
2025-05-29 22:59:02,181 - INFO -    - 특성 수: 20,000
2025-05-29 22:59:02,181 - INFO -    - 희소성: 88.32%
2025-05-29 22:59:02,181 - INFO -    - 소요 시간: 4.62초
2025-05-29 22:59:02,181 - INFO - 결과 저장 중...
2025-05-29 22:59:02,208 - INFO - TF-IDF 모델 저장 완료
2025-05-29 22:59:02,252 - INFO - TF-IDF 행렬 저장 완료
2025-05-29 22:59:02,461 - INFO - 제품 정보 저장 완료
2025-05-29 22:59:02,482 - INFO - 특성 목록 저장 완료
2025-05-29 22:59:02,483 - INFO - 메타데이터 저장 완료
2025-05-29 22:59:02,483 - INFO - 
==================================================
2025-05-29 22:59:02,483 - INFO - 처리 결과 요약
2025-05-29 22:59:02,483 - INFO - ==================================================
2025-05-29 22:59:02,483 - INFO - 총 제품 수: 537
2025-05-29 22:59:02,483 - INFO - 총 리뷰 수: 552
2025-05-29 22:59:02,484 - INFO - 평균 제품당 리뷰 수: 1.0
2025-05-29 22:59:02,484 - INFO - 평균 리뷰 길이: 24236자
2025-05-29 22:59:02,484 - INFO - 최장 리뷰 길이: 101,974자
2025-05-29 22:59:02,485 - INFO - 
리뷰 수 상위 5개 제품:
2025-05-29 22:59:02,485 - INFO -    21st Century, 칼슘 마그네슘 아연 + D3, 90정: 2개
2025-05-29 22:59:02,485 - INFO -    California Gold Nutrition, 마그네슘 킬레이트, 칼슘 함유, 90정: 2개
2025-05-29 22:59:02,485 - INFO -    California Gold Nutrition, 면역 복합체 +, 비타민A, C, D, 아연, 셀레늄 함유, 베지 캡슐 180정: 2개
2025-05-29 22:59:02,485 - INFO -    California Gold Nutrition, 면역 복합체 +, 비타민A, C, D, 아연, 셀레늄 함유, 베지 캡슐 60정: 2개
2025-05-29 22:59:02,485 - INFO -    California Gold Nutrition, 비타민C 구미젤리, 250mg, 100% 베타카로틴에서 추출한 비타민A 함유, 식물성 구미젤리 90개: 2개
2025-05-29 22:59:02,485 - INFO - ==================================================
2025-05-29 22:59:02,485 - INFO - 
전체 처리 완료! 총 소요시간: 5.40초
2025-05-29 23:24:55,624 - INFO - 데이터 로드 중: ./cleaned_data/cleaned_supplements.csv
2025-05-29 23:24:55,983 - INFO - 데이터 로드 완료: 552개 행
2025-05-29 23:24:55,984 - INFO - 데이터 정제 중...
2025-05-29 23:24:56,094 - INFO - 정제 완료: 0개 행 제거, 552개 행 유지
2025-05-29 23:24:56,094 - INFO - 제품별 리뷰 그룹화 중...
2025-05-29 23:24:56,127 - INFO - 그룹화 완료: 537개 제품, 0.03초 소요
2025-05-29 23:24:56,127 - INFO - TF-IDF 벡터화 중...
2025-05-29 23:24:56,129 - INFO - 불용어 307개 적용됨
2025-05-29 23:25:00,532 - INFO - TF-IDF 완료:
2025-05-29 23:25:00,532 - INFO -    - 행렬 크기: (537, 20000)
2025-05-29 23:25:00,541 - INFO -    - 특성 수: 20,000
2025-05-29 23:25:00,541 - INFO -    - 희소성: 89.33%
2025-05-29 23:25:00,541 - INFO -    - 소요 시간: 4.40초
2025-05-29 23:25:00,541 - INFO - 결과 저장 중...
2025-05-29 23:25:00,570 - INFO - TF-IDF 모델 저장 완료
2025-05-29 23:25:00,748 - INFO - TF-IDF 행렬 저장 완료
2025-05-29 23:25:00,957 - INFO - 제품 정보 저장 완료
2025-05-29 23:25:00,978 - INFO - 특성 목록 저장 완료
2025-05-29 23:25:00,979 - INFO - 메타데이터 저장 완료
2025-05-29 23:25:00,979 - INFO - 
==================================================
2025-05-29 23:25:00,979 - INFO - 처리 결과 요약
2025-05-29 23:25:00,979 - INFO - ==================================================
2025-05-29 23:25:00,979 - INFO - 총 제품 수: 537
2025-05-29 23:25:00,979 - INFO - 총 리뷰 수: 552
2025-05-29 23:25:00,979 - INFO - 평균 제품당 리뷰 수: 1.0
2025-05-29 23:25:00,979 - INFO - 평균 리뷰 길이: 24236자
2025-05-29 23:25:00,981 - INFO - 최장 리뷰 길이: 101,974자
2025-05-29 23:25:00,982 - INFO - 
리뷰 수 상위 5개 제품:
2025-05-29 23:25:00,982 - INFO -    21st Century, 칼슘 마그네슘 아연 + D3, 90정: 2개
2025-05-29 23:25:00,982 - INFO -    California Gold Nutrition, 마그네슘 킬레이트, 칼슘 함유, 90정: 2개
2025-05-29 23:25:00,983 - INFO -    California Gold Nutrition, 면역 복합체 +, 비타민A, C, D, 아연, 셀레늄 함유, 베지 캡슐 180정: 2개
2025-05-29 23:25:00,983 - INFO -    California Gold Nutrition, 면역 복합체 +, 비타민A, C, D, 아연, 셀레늄 함유, 베지 캡슐 60정: 2개
2025-05-29 23:25:00,983 - INFO -    California Gold Nutrition, 비타민C 구미젤리, 250mg, 100% 베타카로틴에서 추출한 비타민A 함유, 식물성 구미젤리 90개: 2개
2025-05-29 23:25:00,983 - INFO - ==================================================
2025-05-29 23:25:00,983 - INFO - 
전체 처리 완료! 총 소요시간: 5.36초
2025-05-30 01:20:15,930 - INFO - 데이터 로드 중: ./cleaned_data/cleaned_supplements.csv
2025-05-30 01:20:16,381 - INFO - 데이터 로드 완료: 575개 행
2025-05-30 01:20:16,382 - INFO - 데이터 정제 중...
2025-05-30 01:20:16,520 - INFO - 정제 완료: 0개 행 제거, 575개 행 유지
2025-05-30 01:20:16,520 - INFO - 제품별 리뷰 그룹화 중...
2025-05-30 01:20:16,550 - INFO - 그룹화 완료: 560개 제품, 0.03초 소요
2025-05-30 01:20:16,550 - INFO - TF-IDF 벡터화 중...
2025-05-30 01:20:22,386 - INFO - TF-IDF 완료:
2025-05-30 01:20:22,386 - INFO -    - 행렬 크기: (560, 20000)
2025-05-30 01:20:22,397 - INFO -    - 특성 수: 20,000
2025-05-30 01:20:22,397 - INFO -    - 희소성: 88.40%
2025-05-30 01:20:22,397 - INFO -    - 소요 시간: 5.84초
2025-05-30 01:20:22,397 - INFO - 결과 저장 중...
2025-05-30 01:20:22,423 - INFO - TF-IDF 모델 저장 완료
2025-05-30 01:20:22,470 - INFO - TF-IDF 행렬 저장 완료
2025-05-30 01:20:22,747 - INFO - 제품 정보 저장 완료
2025-05-30 01:20:22,769 - INFO - 특성 목록 저장 완료
2025-05-30 01:20:22,771 - INFO - 메타데이터 저장 완료
2025-05-30 01:20:22,771 - INFO - 
==================================================
2025-05-30 01:20:22,771 - INFO - 처리 결과 요약
2025-05-30 01:20:22,771 - INFO - ==================================================
2025-05-30 01:20:22,771 - INFO - 총 제품 수: 560
2025-05-30 01:20:22,771 - INFO - 총 리뷰 수: 575
2025-05-30 01:20:22,771 - INFO - 평균 제품당 리뷰 수: 1.0
2025-05-30 01:20:22,771 - INFO - 평균 리뷰 길이: 31387자
2025-05-30 01:20:22,771 - INFO - 최장 리뷰 길이: 114,974자
2025-05-30 01:20:22,773 - INFO - 
리뷰 수 상위 5개 제품:
2025-05-30 01:20:22,773 - INFO -    21st Century, 칼슘 마그네슘 아연 + D3, 90정: 2개
2025-05-30 01:20:22,773 - INFO -    California Gold Nutrition, 마그네슘 킬레이트, 칼슘 함유, 90정: 2개
2025-05-30 01:20:22,773 - INFO -    California Gold Nutrition, 면역 복합체 +, 비타민A, C, D, 아연, 셀레늄 함유, 베지 캡슐 180정: 2개
2025-05-30 01:20:22,773 - INFO -    California Gold Nutrition, 면역 복합체 +, 비타민A, C, D, 아연, 셀레늄 함유, 베지 캡슐 60정: 2개
2025-05-30 01:20:22,773 - INFO -    California Gold Nutrition, 비타민C 구미젤리, 250mg, 100% 베타카로틴에서 추출한 비타민A 함유, 식물성 구미젤리 90개: 2개
2025-05-30 01:20:22,773 - INFO - ==================================================
2025-05-30 01:20:22,773 - INFO - 
전체 처리 완료! 총 소요시간: 6.84초
2025-05-30 01:24:18,641 - INFO - 데이터 로드 중: ./cleaned_data/cleaned_supplements.csv
2025-05-30 01:24:19,081 - INFO - 데이터 로드 완료: 575개 행
2025-05-30 01:24:19,081 - INFO - 데이터 정제 중...
2025-05-30 01:24:19,218 - INFO - 정제 완료: 0개 행 제거, 575개 행 유지
2025-05-30 01:24:19,218 - INFO - 제품별 리뷰 그룹화 중...
2025-05-30 01:24:19,245 - INFO - 그룹화 완료: 560개 제품, 0.03초 소요
2025-05-30 01:24:19,245 - INFO - TF-IDF 벡터화 중...
2025-05-30 01:24:25,132 - INFO - TF-IDF 완료:
2025-05-30 01:24:25,132 - INFO -    - 행렬 크기: (560, 20000)
2025-05-30 01:24:25,142 - INFO -    - 특성 수: 20,000
2025-05-30 01:24:25,142 - INFO -    - 희소성: 88.40%
2025-05-30 01:24:25,142 - INFO -    - 소요 시간: 5.89초
2025-05-30 01:24:25,142 - INFO - 결과 저장 중...
2025-05-30 01:24:25,169 - INFO - TF-IDF 모델 저장 완료
2025-05-30 01:24:25,217 - INFO - TF-IDF 행렬 저장 완료
2025-05-30 01:24:25,491 - INFO - 제품 정보 저장 완료
2025-05-30 01:24:25,511 - INFO - 특성 목록 저장 완료
2025-05-30 01:24:25,512 - INFO - 메타데이터 저장 완료
2025-05-30 01:24:25,512 - INFO - 
==================================================
2025-05-30 01:24:25,512 - INFO - 처리 결과 요약
2025-05-30 01:24:25,512 - INFO - ==================================================
2025-05-30 01:24:25,512 - INFO - 총 제품 수: 560
2025-05-30 01:24:25,512 - INFO - 총 리뷰 수: 575
2025-05-30 01:24:25,512 - INFO - 평균 제품당 리뷰 수: 1.0
2025-05-30 01:24:25,512 - INFO - 평균 리뷰 길이: 31387자
2025-05-30 01:24:25,512 - INFO - 최장 리뷰 길이: 114,974자
2025-05-30 01:24:25,514 - INFO - 
리뷰 수 상위 5개 제품:
2025-05-30 01:24:25,514 - INFO -    21st Century, 칼슘 마그네슘 아연 + D3, 90정: 2개
2025-05-30 01:24:25,514 - INFO -    California Gold Nutrition, 마그네슘 킬레이트, 칼슘 함유, 90정: 2개
2025-05-30 01:24:25,514 - INFO -    California Gold Nutrition, 면역 복합체 +, 비타민A, C, D, 아연, 셀레늄 함유, 베지 캡슐 180정: 2개
2025-05-30 01:24:25,514 - INFO -    California Gold Nutrition, 면역 복합체 +, 비타민A, C, D, 아연, 셀레늄 함유, 베지 캡슐 60정: 2개
2025-05-30 01:24:25,514 - INFO -    California Gold Nutrition, 비타민C 구미젤리, 250mg, 100% 베타카로틴에서 추출한 비타민A 함유, 식물성 구미젤리 90개: 2개
2025-05-30 01:24:25,514 - INFO - ==================================================
2025-05-30 01:24:25,514 - INFO - 
전체 처리 완료! 총 소요시간: 6.87초
2025-05-30 01:25:37,276 - INFO - 데이터 로드 중: ./cleaned_data/cleaned_supplements.csv
2025-05-30 01:25:37,722 - INFO - 데이터 로드 완료: 575개 행
2025-05-30 01:25:37,722 - INFO - 데이터 정제 중...
2025-05-30 01:25:37,859 - INFO - 정제 완료: 0개 행 제거, 575개 행 유지
2025-05-30 01:25:37,859 - INFO - 제품별 리뷰 그룹화 중...
2025-05-30 01:25:37,882 - INFO - 그룹화 완료: 560개 제품, 0.02초 소요
2025-05-30 01:25:37,882 - INFO - TF-IDF 벡터화 중...
2025-05-30 01:25:37,884 - INFO - 불용어 307개 적용됨
2025-05-30 01:25:43,043 - INFO - TF-IDF 완료:
2025-05-30 01:25:43,044 - INFO -    - 행렬 크기: (560, 20000)
2025-05-30 01:25:43,053 - INFO -    - 특성 수: 20,000
2025-05-30 01:25:43,053 - INFO -    - 희소성: 89.42%
2025-05-30 01:25:43,053 - INFO -    - 소요 시간: 5.16초
2025-05-30 01:25:43,053 - INFO - 결과 저장 중...
2025-05-30 01:25:43,079 - INFO - TF-IDF 모델 저장 완료
2025-05-30 01:25:43,123 - INFO - TF-IDF 행렬 저장 완료
2025-05-30 01:25:43,402 - INFO - 제품 정보 저장 완료
2025-05-30 01:25:43,423 - INFO - 특성 목록 저장 완료
2025-05-30 01:25:43,425 - INFO - 메타데이터 저장 완료
2025-05-30 01:25:43,425 - INFO - 
==================================================
2025-05-30 01:25:43,425 - INFO - 처리 결과 요약
2025-05-30 01:25:43,425 - INFO - ==================================================
2025-05-30 01:25:43,425 - INFO - 총 제품 수: 560
2025-05-30 01:25:43,425 - INFO - 총 리뷰 수: 575
2025-05-30 01:25:43,425 - INFO - 평균 제품당 리뷰 수: 1.0
2025-05-30 01:25:43,425 - INFO - 평균 리뷰 길이: 31387자
2025-05-30 01:25:43,425 - INFO - 최장 리뷰 길이: 114,974자
2025-05-30 01:25:43,427 - INFO - 
리뷰 수 상위 5개 제품:
2025-05-30 01:25:43,428 - INFO -    21st Century, 칼슘 마그네슘 아연 + D3, 90정: 2개
2025-05-30 01:25:43,428 - INFO -    California Gold Nutrition, 마그네슘 킬레이트, 칼슘 함유, 90정: 2개
2025-05-30 01:25:43,428 - INFO -    California Gold Nutrition, 면역 복합체 +, 비타민A, C, D, 아연, 셀레늄 함유, 베지 캡슐 180정: 2개
2025-05-30 01:25:43,428 - INFO -    California Gold Nutrition, 면역 복합체 +, 비타민A, C, D, 아연, 셀레늄 함유, 베지 캡슐 60정: 2개
2025-05-30 01:25:43,428 - INFO -    California Gold Nutrition, 비타민C 구미젤리, 250mg, 100% 베타카로틴에서 추출한 비타민A 함유, 식물성 구미젤리 90개: 2개
2025-05-30 01:25:43,428 - INFO - ==================================================
2025-05-30 01:25:43,428 - INFO - 
전체 처리 완료! 총 소요시간: 6.15초
2025-05-30 08:48:41,265 - INFO - 데이터 로드 중: ./cleaned_data/cleaned_supplements.csv
2025-05-30 08:48:41,691 - INFO - 데이터 로드 완료: 575개 행
2025-05-30 08:48:41,691 - INFO - 데이터 정제 중...
2025-05-30 08:48:41,830 - INFO - 정제 완료: 0개 행 제거, 575개 행 유지
2025-05-30 08:48:41,830 - INFO - 제품별 리뷰 그룹화 중...
2025-05-30 08:48:41,860 - INFO - 그룹화 완료: 560개 제품, 0.03초 소요
2025-05-30 08:48:41,860 - INFO - TF-IDF 벡터화 중...
2025-05-30 08:48:47,572 - INFO - TF-IDF 완료:
2025-05-30 08:48:47,572 - INFO -    - 행렬 크기: (560, 20000)
2025-05-30 08:48:47,582 - INFO -    - 특성 수: 20,000
2025-05-30 08:48:47,582 - INFO -    - 희소성: 88.40%
2025-05-30 08:48:47,582 - INFO -    - 소요 시간: 5.71초
2025-05-30 08:48:47,582 - INFO - 결과 저장 중...
2025-05-30 08:48:47,613 - INFO - TF-IDF 모델 저장 완료
2025-05-30 08:48:47,748 - INFO - TF-IDF 행렬 저장 완료
2025-05-30 08:48:48,013 - INFO - 제품 정보 저장 완료
2025-05-30 08:48:48,033 - INFO - 특성 목록 저장 완료
2025-05-30 08:48:48,039 - INFO - 메타데이터 저장 완료
2025-05-30 08:48:48,039 - INFO - 
==================================================
2025-05-30 08:48:48,039 - INFO - 처리 결과 요약
2025-05-30 08:48:48,039 - INFO - ==================================================
2025-05-30 08:48:48,039 - INFO - 총 제품 수: 560
2025-05-30 08:48:48,040 - INFO - 총 리뷰 수: 575
2025-05-30 08:48:48,040 - INFO - 평균 제품당 리뷰 수: 1.0
2025-05-30 08:48:48,040 - INFO - 평균 리뷰 길이: 31387자
2025-05-30 08:48:48,040 - INFO - 최장 리뷰 길이: 114,974자
2025-05-30 08:48:48,041 - INFO - 
리뷰 수 상위 5개 제품:
2025-05-30 08:48:48,042 - INFO -    21st Century, 칼슘 마그네슘 아연 + D3, 90정: 2개
2025-05-30 08:48:48,042 - INFO -    California Gold Nutrition, 마그네슘 킬레이트, 칼슘 함유, 90정: 2개
2025-05-30 08:48:48,042 - INFO -    California Gold Nutrition, 면역 복합체 +, 비타민A, C, D, 아연, 셀레늄 함유, 베지 캡슐 180정: 2개
2025-05-30 08:48:48,042 - INFO -    California Gold Nutrition, 면역 복합체 +, 비타민A, C, D, 아연, 셀레늄 함유, 베지 캡슐 60정: 2개
2025-05-30 08:48:48,042 - INFO -    California Gold Nutrition, 비타민C 구미젤리, 250mg, 100% 베타카로틴에서 추출한 비타민A 함유, 식물성 구미젤리 90개: 2개
2025-05-30 08:48:48,042 - INFO - ==================================================
2025-05-30 08:48:48,042 - INFO - 
전체 처리 완료! 총 소요시간: 6.78초
2025-05-30 08:50:21,687 - INFO - 데이터 로드 중: ./cleaned_data/cleaned_supplements.csv
2025-05-30 08:50:22,128 - INFO - 데이터 로드 완료: 575개 행
2025-05-30 08:50:22,128 - INFO - 데이터 정제 중...
2025-05-30 08:50:22,265 - INFO - 정제 완료: 0개 행 제거, 575개 행 유지
2025-05-30 08:50:22,265 - INFO - 제품별 리뷰 그룹화 중...
2025-05-30 08:50:22,289 - INFO - 그룹화 완료: 560개 제품, 0.02초 소요
2025-05-30 08:50:22,289 - INFO - TF-IDF 벡터화 중...
2025-05-30 08:50:27,717 - INFO - TF-IDF 완료:
2025-05-30 08:50:27,717 - INFO -    - 행렬 크기: (560, 20000)
2025-05-30 08:50:27,727 - INFO -    - 특성 수: 20,000
2025-05-30 08:50:27,727 - INFO -    - 희소성: 88.40%
2025-05-30 08:50:27,727 - INFO -    - 소요 시간: 5.43초
2025-05-30 08:50:27,727 - INFO - 결과 저장 중...
2025-05-30 08:50:27,753 - INFO - TF-IDF 모델 저장 완료
2025-05-30 08:50:27,800 - INFO - TF-IDF 행렬 저장 완료
2025-05-30 08:50:28,072 - INFO - 제품 정보 저장 완료
2025-05-30 08:50:28,091 - INFO - 특성 목록 저장 완료
2025-05-30 08:50:28,092 - INFO - 메타데이터 저장 완료
2025-05-30 08:50:28,092 - INFO - 
==================================================
2025-05-30 08:50:28,092 - INFO - 처리 결과 요약
2025-05-30 08:50:28,092 - INFO - ==================================================
2025-05-30 08:50:28,092 - INFO - 총 제품 수: 560
2025-05-30 08:50:28,093 - INFO - 총 리뷰 수: 575
2025-05-30 08:50:28,093 - INFO - 평균 제품당 리뷰 수: 1.0
2025-05-30 08:50:28,093 - INFO - 평균 리뷰 길이: 31387자
2025-05-30 08:50:28,093 - INFO - 최장 리뷰 길이: 114,974자
2025-05-30 08:50:28,094 - INFO - 
리뷰 수 상위 5개 제품:
2025-05-30 08:50:28,094 - INFO -    21st Century, 칼슘 마그네슘 아연 + D3, 90정: 2개
2025-05-30 08:50:28,094 - INFO -    California Gold Nutrition, 마그네슘 킬레이트, 칼슘 함유, 90정: 2개
2025-05-30 08:50:28,095 - INFO -    California Gold Nutrition, 면역 복합체 +, 비타민A, C, D, 아연, 셀레늄 함유, 베지 캡슐 180정: 2개
2025-05-30 08:50:28,095 - INFO -    California Gold Nutrition, 면역 복합체 +, 비타민A, C, D, 아연, 셀레늄 함유, 베지 캡슐 60정: 2개
2025-05-30 08:50:28,095 - INFO -    California Gold Nutrition, 비타민C 구미젤리, 250mg, 100% 베타카로틴에서 추출한 비타민A 함유, 식물성 구미젤리 90개: 2개
2025-05-30 08:50:28,095 - INFO - ==================================================
2025-05-30 08:50:28,095 - INFO - 
전체 처리 완료! 총 소요시간: 6.41초
2025-05-30 11:57:57,969 - INFO - 데이터 로드 중: ./cleaned_data/cleaned_supplements.csv
2025-05-30 11:57:58,433 - INFO - 데이터 로드 완료: 577개 행
2025-05-30 11:57:58,433 - INFO - 데이터 정제 중...
2025-05-30 11:57:58,576 - INFO - 정제 완료: 0개 행 제거, 577개 행 유지
2025-05-30 11:57:58,576 - INFO - 제품별 리뷰 그룹화 중...
2025-05-30 11:57:58,600 - INFO - 그룹화 완료: 562개 제품, 0.02초 소요
2025-05-30 11:57:58,600 - INFO - TF-IDF 벡터화 중...
2025-05-30 11:58:04,179 - INFO - TF-IDF 완료:
2025-05-30 11:58:04,179 - INFO -    - 행렬 크기: (562, 20000)
2025-05-30 11:58:04,188 - INFO -    - 특성 수: 20,000
2025-05-30 11:58:04,188 - INFO -    - 희소성: 88.40%
2025-05-30 11:58:04,188 - INFO -    - 소요 시간: 5.58초
2025-05-30 11:58:04,188 - INFO - 결과 저장 중...
2025-05-30 11:58:04,215 - INFO - TF-IDF 모델 저장 완료
2025-05-30 11:58:04,263 - INFO - TF-IDF 행렬 저장 완료
2025-05-30 11:58:04,549 - INFO - 제품 정보 저장 완료
2025-05-30 11:58:04,568 - INFO - 특성 목록 저장 완료
2025-05-30 11:58:04,569 - INFO - 메타데이터 저장 완료
2025-05-30 11:58:04,569 - INFO - 
==================================================
2025-05-30 11:58:04,569 - INFO - 처리 결과 요약
2025-05-30 11:58:04,569 - INFO - ==================================================
2025-05-30 11:58:04,569 - INFO - 총 제품 수: 562
2025-05-30 11:58:04,570 - INFO - 총 리뷰 수: 577
2025-05-30 11:58:04,570 - INFO - 평균 제품당 리뷰 수: 1.0
2025-05-30 11:58:04,570 - INFO - 평균 리뷰 길이: 32821자
2025-05-30 11:58:04,570 - INFO - 최장 리뷰 길이: 124,488자
2025-05-30 11:58:04,572 - INFO - 
리뷰 수 상위 5개 제품:
2025-05-30 11:58:04,572 - INFO -    21st Century, 칼슘 마그네슘 아연 + D3, 90정: 2개
2025-05-30 11:58:04,572 - INFO -    California Gold Nutrition, 마그네슘 킬레이트, 칼슘 함유, 90정: 2개
2025-05-30 11:58:04,573 - INFO -    California Gold Nutrition, 면역 복합체 +, 비타민A, C, D, 아연, 셀레늄 함유, 베지 캡슐 180정: 2개
2025-05-30 11:58:04,573 - INFO -    California Gold Nutrition, 면역 복합체 +, 비타민A, C, D, 아연, 셀레늄 함유, 베지 캡슐 60정: 2개
2025-05-30 11:58:04,573 - INFO -    California Gold Nutrition, 비타민C 구미젤리, 250mg, 100% 베타카로틴에서 추출한 비타민A 함유, 식물성 구미젤리 90개: 2개
2025-05-30 11:58:04,573 - INFO - ==================================================
2025-05-30 11:58:04,573 - INFO - 
전체 처리 완료! 총 소요시간: 6.60초
2025-05-30 12:08:05,802 - INFO - 데이터 로드 중: ./cleaned_data/cleaned_supplements.csv
2025-05-30 12:08:06,256 - INFO - 데이터 로드 완료: 577개 행
2025-05-30 12:08:06,256 - INFO - 데이터 정제 중...
2025-05-30 12:08:06,398 - INFO - 정제 완료: 0개 행 제거, 577개 행 유지
2025-05-30 12:08:06,398 - INFO - 제품별 리뷰 그룹화 중...
2025-05-30 12:08:06,422 - INFO - 그룹화 완료: 562개 제품, 0.02초 소요
2025-05-30 12:08:06,422 - INFO - TF-IDF 벡터화 중...
2025-05-30 12:08:06,423 - INFO - 불용어 293개 적용됨
2025-05-30 12:08:11,673 - INFO - TF-IDF 완료:
2025-05-30 12:08:11,673 - INFO -    - 행렬 크기: (562, 20000)
2025-05-30 12:08:11,684 - INFO -    - 특성 수: 20,000
2025-05-30 12:08:11,684 - INFO -    - 희소성: 89.33%
2025-05-30 12:08:11,684 - INFO -    - 소요 시간: 5.25초
2025-05-30 12:08:11,684 - INFO - 결과 저장 중...
2025-05-30 12:08:11,712 - INFO - TF-IDF 모델 저장 완료
2025-05-30 12:08:11,762 - INFO - TF-IDF 행렬 저장 완료
2025-05-30 12:08:12,055 - INFO - 제품 정보 저장 완료
2025-05-30 12:08:12,077 - INFO - 특성 목록 저장 완료
2025-05-30 12:08:12,078 - INFO - 메타데이터 저장 완료
2025-05-30 12:08:12,078 - INFO - 
==================================================
2025-05-30 12:08:12,078 - INFO - 처리 결과 요약
2025-05-30 12:08:12,078 - INFO - ==================================================
2025-05-30 12:08:12,078 - INFO - 총 제품 수: 562
2025-05-30 12:08:12,078 - INFO - 총 리뷰 수: 577
2025-05-30 12:08:12,078 - INFO - 평균 제품당 리뷰 수: 1.0
2025-05-30 12:08:12,079 - INFO - 평균 리뷰 길이: 32821자
2025-05-30 12:08:12,079 - INFO - 최장 리뷰 길이: 124,488자
2025-05-30 12:08:12,080 - INFO - 
리뷰 수 상위 5개 제품:
2025-05-30 12:08:12,080 - INFO -    21st Century, 칼슘 마그네슘 아연 + D3, 90정: 2개
2025-05-30 12:08:12,081 - INFO -    California Gold Nutrition, 마그네슘 킬레이트, 칼슘 함유, 90정: 2개
2025-05-30 12:08:12,081 - INFO -    California Gold Nutrition, 면역 복합체 +, 비타민A, C, D, 아연, 셀레늄 함유, 베지 캡슐 180정: 2개
2025-05-30 12:08:12,081 - INFO -    California Gold Nutrition, 면역 복합체 +, 비타민A, C, D, 아연, 셀레늄 함유, 베지 캡슐 60정: 2개
2025-05-30 12:08:12,081 - INFO -    California Gold Nutrition, 비타민C 구미젤리, 250mg, 100% 베타카로틴에서 추출한 비타민A 함유, 식물성 구미젤리 90개: 2개
2025-05-30 12:08:12,081 - INFO - ==================================================
2025-05-30 12:08:12,081 - INFO - 
전체 처리 완료! 총 소요시간: 6.28초
2025-05-30 12:08:17,747 - INFO - 데이터 로드 중: ./cleaned_data/cleaned_supplements.csv
2025-05-30 12:08:18,198 - INFO - 데이터 로드 완료: 577개 행
2025-05-30 12:08:18,198 - INFO - 데이터 정제 중...
2025-05-30 12:08:18,344 - INFO - 정제 완료: 0개 행 제거, 577개 행 유지
2025-05-30 12:08:18,344 - INFO - 제품별 리뷰 그룹화 중...
2025-05-30 12:08:18,373 - INFO - 그룹화 완료: 562개 제품, 0.03초 소요
2025-05-30 12:08:18,373 - INFO - TF-IDF 벡터화 중...
2025-05-30 12:08:18,374 - INFO - 불용어 293개 적용됨
2025-05-30 12:08:23,657 - INFO - TF-IDF 완료:
2025-05-30 12:08:23,657 - INFO -    - 행렬 크기: (562, 20000)
2025-05-30 12:08:23,667 - INFO -    - 특성 수: 20,000
2025-05-30 12:08:23,667 - INFO -    - 희소성: 89.33%
2025-05-30 12:08:23,667 - INFO -    - 소요 시간: 5.28초
2025-05-30 12:08:23,667 - INFO - 결과 저장 중...
2025-05-30 12:08:23,695 - INFO - TF-IDF 모델 저장 완료
2025-05-30 12:08:23,737 - INFO - TF-IDF 행렬 저장 완료
2025-05-30 12:08:24,022 - INFO - 제품 정보 저장 완료
2025-05-30 12:08:24,042 - INFO - 특성 목록 저장 완료
2025-05-30 12:08:24,043 - INFO - 메타데이터 저장 완료
2025-05-30 12:08:24,043 - INFO - 
==================================================
2025-05-30 12:08:24,043 - INFO - 처리 결과 요약
2025-05-30 12:08:24,043 - INFO - ==================================================
2025-05-30 12:08:24,043 - INFO - 총 제품 수: 562
2025-05-30 12:08:24,043 - INFO - 총 리뷰 수: 577
2025-05-30 12:08:24,043 - INFO - 평균 제품당 리뷰 수: 1.0
2025-05-30 12:08:24,043 - INFO - 평균 리뷰 길이: 32821자
2025-05-30 12:08:24,043 - INFO - 최장 리뷰 길이: 124,488자
2025-05-30 12:08:24,045 - INFO - 
리뷰 수 상위 5개 제품:
2025-05-30 12:08:24,045 - INFO -    21st Century, 칼슘 마그네슘 아연 + D3, 90정: 2개
2025-05-30 12:08:24,045 - INFO -    California Gold Nutrition, 마그네슘 킬레이트, 칼슘 함유, 90정: 2개
2025-05-30 12:08:24,045 - INFO -    California Gold Nutrition, 면역 복합체 +, 비타민A, C, D, 아연, 셀레늄 함유, 베지 캡슐 180정: 2개
2025-05-30 12:08:24,045 - INFO -    California Gold Nutrition, 면역 복합체 +, 비타민A, C, D, 아연, 셀레늄 함유, 베지 캡슐 60정: 2개
2025-05-30 12:08:24,045 - INFO -    California Gold Nutrition, 비타민C 구미젤리, 250mg, 100% 베타카로틴에서 추출한 비타민A 함유, 식물성 구미젤리 90개: 2개
2025-05-30 12:08:24,045 - INFO - ==================================================
2025-05-30 12:08:24,045 - INFO - 
전체 처리 완료! 총 소요시간: 6.30초
